<?xml version="1.0" encoding="UTF-8"?>
<testsuite xmlns:xsi="http://www.w3.org/2001/XMLSchema-instance" xsi:noNamespaceSchemaLocation="https://maven.apache.org/surefire/maven-surefire-plugin/xsd/surefire-test-report-3.0.xsd" version="3.0" name="integration.ChatIntegrationTest" time="0.11" tests="1" errors="0" skipped="0" failures="0">
  <properties>
[...]
</properties>
  <testcase name="createConversationSendMessageAndFetchHistory_shouldWork" classname="integration.ChatIntegrationTest" time="0.072">
    <system-out><![CDATA[注册成功！用户ID: 1
注册成功！用户ID: 2
登录成功！欢迎，alice
已创建与 bob 的会话
消息内容不能为空！
消息已发送
]]></system-out>
  </testcase>
</testsuite>